16:30:49.061 [main]  INFO testCases.TC001_AccountRegistrationTest - Initializing driver...
16:30:54.688 [main]  INFO testCases.TC001_AccountRegistrationTest - Driver initialized successfully.
16:30:54.699 [main]  INFO testCases.TC001_AccountRegistrationTest - ********* Staring TC001_AccountRegistrationTest ******
16:30:54.771 [main]  INFO testCases.TC001_AccountRegistrationTest - clicked on myAccount link  
16:30:55.110 [main]  INFO testCases.TC001_AccountRegistrationTest - clicked on Registration  link  
16:30:55.112 [main]  INFO testCases.TC001_AccountRegistrationTest - Providing customer details 
16:31:08.371 [main]  INFO testCases.TC001_AccountRegistrationTest - validating expected message...........  
16:31:08.408 [main]  INFO testCases.TC001_AccountRegistrationTest - ********** Finished TC001_AccountRegistrationTest*******
16:31:08.595 [main]  INFO testCases.TC002_LoginTest - Initializing driver...
16:31:11.635 [main]  INFO testCases.TC002_LoginTest - Driver initialized successfully.
16:31:11.636 [main]  INFO testCases.TC002_LoginTest - *****  Starting Tc_002_LoginTest *****
16:31:11.636 [main]  INFO testCases.TC002_LoginTest - *****  click My Account  *****
16:31:11.718 [main]  INFO testCases.TC002_LoginTest - *****  click My Account  *****
16:31:11.945 [main]  INFO testCases.TC002_LoginTest - *****  click on Login  *****
16:31:12.660 [main]  INFO testCases.TC002_LoginTest - *****  Finished Tc_002_LoginTest *****
21:48:41.886 [main]  INFO testCases.TC001_AccountRegistrationTest - Initializing driver...
21:48:48.040 [main]  INFO testCases.TC001_AccountRegistrationTest - Driver initialized successfully.
21:48:48.056 [main]  INFO testCases.TC001_AccountRegistrationTest - ********* Staring TC001_AccountRegistrationTest ******
21:48:48.155 [main]  INFO testCases.TC001_AccountRegistrationTest - clicked on myAccount link  
21:48:48.562 [main]  INFO testCases.TC001_AccountRegistrationTest - clicked on Registration  link  
21:48:48.564 [main]  INFO testCases.TC001_AccountRegistrationTest - Providing customer details 
21:49:05.491 [main]  INFO testCases.TC001_AccountRegistrationTest - validating expected message...........  
21:49:05.510 [main]  INFO testCases.TC001_AccountRegistrationTest - ********** Finished TC001_AccountRegistrationTest*******
21:49:05.696 [main]  INFO testCases.TC002_LoginTest - Initializing driver...
21:49:10.196 [main]  INFO testCases.TC002_LoginTest - Driver initialized successfully.
21:49:10.198 [main]  INFO testCases.TC002_LoginTest - *****  Starting Tc_002_LoginTest *****
21:49:10.198 [main]  INFO testCases.TC002_LoginTest - *****  click My Account  *****
21:49:10.296 [main]  INFO testCases.TC002_LoginTest - *****  click My Account  *****
21:49:10.548 [main]  INFO testCases.TC002_LoginTest - *****  click on Login  *****
21:49:11.306 [main]  INFO testCases.TC002_LoginTest - *****  Finished Tc_002_LoginTest *****
21:50:00.944 [main]  INFO testCases.TC001_AccountRegistrationTest - Initializing driver...
21:50:05.247 [main]  INFO testCases.TC001_AccountRegistrationTest - Driver initialized successfully.
21:50:05.257 [main]  INFO testCases.TC001_AccountRegistrationTest - ********* Staring TC001_AccountRegistrationTest ******
21:50:05.325 [main]  INFO testCases.TC001_AccountRegistrationTest - clicked on myAccount link  
21:50:05.763 [main]  INFO testCases.TC001_AccountRegistrationTest - clicked on Registration  link  
21:50:05.764 [main]  INFO testCases.TC001_AccountRegistrationTest - Providing customer details 
21:50:19.648 [main]  INFO testCases.TC001_AccountRegistrationTest - validating expected message...........  
21:50:19.674 [main]  INFO testCases.TC001_AccountRegistrationTest - ********** Finished TC001_AccountRegistrationTest*******
21:50:19.829 [main]  INFO testCases.TC002_LoginTest - Initializing driver...
21:50:23.090 [main]  INFO testCases.TC002_LoginTest - Driver initialized successfully.
21:50:23.094 [main]  INFO testCases.TC002_LoginTest - *****  Starting Tc_002_LoginTest *****
21:50:23.096 [main]  INFO testCases.TC002_LoginTest - *****  click My Account  *****
21:50:23.178 [main]  INFO testCases.TC002_LoginTest - *****  click My Account  *****
21:50:23.425 [main]  INFO testCases.TC002_LoginTest - *****  click on Login  *****
21:50:24.112 [main]  INFO testCases.TC002_LoginTest - *****  Finished Tc_002_LoginTest *****
